{"level":"info","time":1691959111,"message":"Starting vehicles 100"}
{"level":"info","time":1691959120,"message":"Starting vehicles 100"}
{"level":"info","time":1691959140,"message":"Starting vehicles 100"}
{"level":"info","time":1691959199,"message":"Starting vehicles 100"}
{"level":"debug","time":1691959212,"message":"Bottom left vertex: {9.9228433 51.5279533}"}
{"level":"debug","time":1691959212,"message":"Top right vertex: {9.9430759 51.5412659}"}
{"level":"info","time":1691959212,"message":"Starting vehicles 100"}
{"level":"debug","time":1691959263,"message":"Bottom left vertex: {9.9228433 51.5279533}"}
{"level":"debug","time":1691959263,"message":"Top right vertex: {9.9430759 51.5412659}"}
{"level":"info","time":1691959263,"message":"Starting vehicles 100"}
{"level":"info","time":1691959263,"message":"[2cp6QkfkinK3Nbz9y_nk5] is parked.\n"}
{"level":"info","time":1691959263,"message":"[YhnBSdFLfEwui8xP6ekAu] is parked.\n"}
{"level":"info","time":1691959263,"message":"[FkXj8wvX3x45WCGnhX5up] is parked.\n"}
{"level":"info","time":1691959263,"message":"[KOtUzcwNg_kfFXMhhOFOz] is parked.\n"}
{"level":"info","time":1691959263,"message":"[Tw150KRTbcpn41nrsi-3-] is parked.\n"}
{"level":"info","time":1691959263,"message":"[0bXnP5U4JZ2LU2yui-EOT] is parked.\n"}
{"level":"info","time":1691959263,"message":"[fw0I0e-LLaEvxLAMr75zK] is parked.\n"}
{"level":"info","time":1691959263,"message":"[Y8lP-r7wQyCzKTXksCqvk] is parked.\n"}
{"level":"info","time":1691959263,"message":"[9DPu90UBxj4mtYgdGuP6e] is parked.\n"}
{"level":"info","time":1691959263,"message":"[oX9Ra37JaE0uCg5JBM1cJ] is parked.\n"}
{"level":"info","time":1691959263,"message":"[picviD0iOj7XbR5rt_mMN] is parked.\n"}
{"level":"info","time":1691959263,"message":"[ESbRzYnAPHdNwTpTwLv4W] is parked.\n"}
{"level":"info","time":1691959263,"message":"[SxTph0B-DP7HPwwkuUNFI] is parked.\n"}
{"level":"info","time":1691959263,"message":"[O0RU6Vby8PsLsHpmDAKaT] is parked.\n"}
{"level":"info","time":1691959263,"message":"[RA4qhMNU1d9wMXFi4DOkx] is parked.\n"}
{"level":"info","time":1691959263,"message":"[JQqQ3miYh1eKPOcERAwfv] is parked.\n"}
{"level":"info","time":1691959263,"message":"[VmVZrR7q6HaaDriiGapn9] is parked.\n"}
{"level":"info","time":1691959263,"message":"[lIEznA6OuU0gsPJ2-oBOg] is parked.\n"}
{"level":"info","time":1691959263,"message":"[lqM2D7t9AJdeRZnhf6jAQ] is parked.\n"}
{"level":"info","time":1691959263,"message":"[eAl8d7yvijLMzBDLmh0tt] is parked.\n"}
{"level":"info","time":1691959263,"message":"[naVCsTczcm3Ea_dp8ikhd] is parked.\n"}
{"level":"info","time":1691959263,"message":"[BT76k53RpXI5qd6byUGXX] is parked.\n"}
{"level":"info","time":1691959263,"message":"[qELQQbvJfG7Q3Cr8QuVsy] is parked.\n"}
{"level":"info","time":1691959263,"message":"[NBG9eK8nk5v6Jz5TnlVVf] is parked.\n"}
{"level":"info","time":1691959263,"message":"[fUYw5j4cok_w3IteLIG-t] is parked.\n"}
{"level":"info","time":1691959263,"message":"[89LTrdezOzrW3nkGZZW6D] is parked.\n"}
{"level":"info","time":1691959263,"message":"[26QqONOzP5dnnh0C3S8sy] is parked.\n"}
{"level":"info","time":1691959263,"message":"[4wSUqEYHB1DhQFFfnOEYD] is parked.\n"}
{"level":"info","time":1691959263,"message":"[TWNEUC7VEdV_bqor8kH-W] is parked.\n"}
{"level":"info","time":1691959263,"message":"[JfTP-7D0j2kxuNmC0YAIg] is parked.\n"}
{"level":"info","time":1691959263,"message":"[RpPJ4KXypCXCXT_OuBDZl] is parked.\n"}
{"level":"info","time":1691959263,"message":"[-LU7OOYHolv9L0xiCkYzZ] is parked.\n"}
{"level":"info","time":1691959263,"message":"[bjBhHJeq3b1UtmivT7J2J] is parked.\n"}
{"level":"info","time":1691959263,"message":"[wiUzp7dNnOWp-7i2_mdoL] is parked.\n"}
{"level":"info","time":1691959263,"message":"[V_-3YAUGhErxAVWV-E7bo] is parked.\n"}
{"level":"info","time":1691959263,"message":"[myR9xAXSHyQiJaiJj80jW] is parked.\n"}
{"level":"info","time":1691959263,"message":"[SWkUHv_lHgG_6Kf8cR7mx] is parked.\n"}
{"level":"info","time":1691959263,"message":"[Hjr1jjJj2juWLHbHIkBkI] is parked.\n"}
{"level":"info","time":1691959263,"message":"[jjolq_lpWZoXgC5QqNjnd] is parked.\n"}
{"level":"info","time":1691959263,"message":"[tdlYa47-ykghkUI1X5Lbi] is parked.\n"}
{"level":"info","time":1691959263,"message":"[1JXxqnVBbcDgKKVpC32Wf] is parked.\n"}
{"level":"info","time":1691959263,"message":"[PPbM8TaWGeVHgq6wWq9oY] is parked.\n"}
{"level":"info","time":1691959263,"message":"[1a60y-2g6DEeMsSb_rWZ2] is parked.\n"}
{"level":"info","time":1691959263,"message":"[0ziN_LSmXTCkObjecF8A1] is parked.\n"}
{"level":"info","time":1691959263,"message":"[CszYamIMNfVEcUJ3UayOO] is parked.\n"}
{"level":"info","time":1691959263,"message":"[7MuTG-k8g8AFMSWpCU4Lk] is parked.\n"}
{"level":"info","time":1691959263,"message":"[s7yDOu_Ila1-pW2DbMDuf] is parked.\n"}
{"level":"info","time":1691959263,"message":"[SK9R_CsQpNxM-_FLylzBF] is parked.\n"}
{"level":"info","time":1691959263,"message":"[6tJwb70W3nXWZmY9s3l_m] is parked.\n"}
{"level":"info","time":1691959263,"message":"[9bl2TvPF86YP8GxbH3HoK] is parked.\n"}
{"level":"info","time":1691959263,"message":"[Jv324Glf5Ga6pesV7-aK0] is parked.\n"}
{"level":"info","time":1691959263,"message":"[XrKD59BBbnKhd3nMkyjTt] is parked.\n"}
{"level":"info","time":1691959263,"message":"[PnfTBFJWNfHrGJ5ujNj5_] is parked.\n"}
{"level":"info","time":1691959263,"message":"[K_Dz7JRAFwJ86hEGOkUhm] is parked.\n"}
{"level":"info","time":1691959263,"message":"[5BT4YFs2GYVNMAE82u7uH] is parked.\n"}
{"level":"info","time":1691959263,"message":"[fsee0Umd9AcUnwBl5O0Ue] is parked.\n"}
{"level":"info","time":1691959263,"message":"[ig035q1NVqNSq0JfjKxSf] is parked.\n"}
{"level":"info","time":1691959263,"message":"[uWgwpe4NspDjm-ETxCJUz] is parked.\n"}
{"level":"info","time":1691959263,"message":"[ZEnnJzoRzYNGvBJFjR6_8] is parked.\n"}
{"level":"info","time":1691959263,"message":"[4D4_Q8TA2c3WQyKw-9nf8] is parked.\n"}
{"level":"info","time":1691959263,"message":"[1XNlknf5qFjgRNcH18TDe] is parked.\n"}
{"level":"info","time":1691959263,"message":"[C8KuPWgxgtHb0AxFoa2Vo] is parked.\n"}
{"level":"info","time":1691959263,"message":"[Z-vbpBX2oMcwqzMW6iKZ5] is parked.\n"}
{"level":"info","time":1691959263,"message":"[F1G3n8Lwf2ZBa8OlkjOo8] is parked.\n"}
{"level":"info","time":1691959263,"message":"[mUUHLQnnCh7iIuzCwyXwd] is parked.\n"}
{"level":"info","time":1691959263,"message":"[-NFVGcP_8BUgtROPPKN8u] is parked.\n"}
{"level":"info","time":1691959263,"message":"[wJykFbg8EUkO_wRV5AJPL] is parked.\n"}
{"level":"info","time":1691959263,"message":"[p18SgLldwmbmTiODGveIr] is parked.\n"}
{"level":"info","time":1691959263,"message":"[dHaKSnDurzP9HRVImzCBa] is parked.\n"}
{"level":"info","time":1691959263,"message":"[IK0cC8d05qccth6Ob_tWf] is parked.\n"}
{"level":"info","time":1691959263,"message":"[iamc998Md5KvfZaUuzXP9] is parked.\n"}
{"level":"info","time":1691959263,"message":"[vvqdH1dH5HWcYzjS4AcMu] is parked.\n"}
{"level":"info","time":1691959263,"message":"[792qNEewiCv8x0IgBUYbo] is parked.\n"}
{"level":"info","time":1691959263,"message":"[kzIopWV_UPZF4KZ9VwBe0] is parked.\n"}
{"level":"info","time":1691959263,"message":"[Nb4ZBJeUKw0mR6awYP_9B] is parked.\n"}
{"level":"info","time":1691959263,"message":"[B2UdouG7wOvDGMDzLdMmk] is parked.\n"}
{"level":"info","time":1691959263,"message":"[nhK2J0ifq-xe2kd3n3Cj4] is parked.\n"}
{"level":"info","time":1691959263,"message":"[Mx2l9WU3m9IQXbVvaUnGt] is parked.\n"}
{"level":"info","time":1691959263,"message":"[B48CWG9P6Ugt9kKmv4Bd7] is parked.\n"}
{"level":"info","time":1691959263,"message":"[dzRgt96CgeKWDizVE5c30] is parked.\n"}
{"level":"info","time":1691959263,"message":"[IwT4p32-mX4xSMGPSn5Ky] is parked.\n"}
{"level":"info","time":1691959263,"message":"[i4v1NkWrAhYhVn3xBntSJ] is parked.\n"}
{"level":"info","time":1691959263,"message":"[HI3Wtum59oZT_-8Pe6NQs] is parked.\n"}
{"level":"info","time":1691959263,"message":"[2Tq9vb1rjNkIDR4hkFPR2] is parked.\n"}
{"level":"info","time":1691959263,"message":"[K2mDvmYZhVvBCXkMM_o4Z] is parked.\n"}
{"level":"info","time":1691959263,"message":"[-xQWakMUrgbeZs9dq96QG] is parked.\n"}
{"level":"info","time":1691959263,"message":"[EL9ulkC7WVNbDajZF9lyG] is parked.\n"}
{"level":"info","time":1691959263,"message":"[LWNgBDP4dYnPFQfdXaLuC] is parked.\n"}
{"level":"info","time":1691959263,"message":"[GHDu2TR0Xte6ZedCcbk5H] is parked.\n"}
{"level":"info","time":1691959263,"message":"[_uZcICNXYkWxWdJZQFbvl] is parked.\n"}
{"level":"info","time":1691959263,"message":"[DnsyFxgT_6O7TtGj2a1n2] is parked.\n"}
{"level":"info","time":1691959263,"message":"[ViLVDPTyHYmnSk-r3TtU0] is parked.\n"}
{"level":"info","time":1691959263,"message":"[zUO-9wRgvA_DQbdQkKKzL] is parked.\n"}
{"level":"info","time":1691959263,"message":"[R53-0nbAz4nx2QhKEojEc] is parked.\n"}
{"level":"info","time":1691959263,"message":"[ia9ykoRmvIDZvbVkXH-HW] is parked.\n"}
{"level":"info","time":1691959263,"message":"[W3zmTI5zN4EbjuSYdDQyd] is parked.\n"}
{"level":"info","time":1691959263,"message":"[5uKGUTaZ-wftUqUEXzgY4] is parked.\n"}
{"level":"info","time":1691959263,"message":"[MRA8WtAQGcWMhXW2TOqmD] is parked.\n"}
{"level":"info","time":1691959263,"message":"[GVefeoCkJYZgidvm18YYN] is parked.\n"}
{"level":"info","time":1691959263,"message":"[uo_EmjKsiT93qyOcFUbsy] is parked.\n"}
{"level":"debug","time":1691959416,"message":"Bottom left vertex: {9.9228433 51.5279533}"}
{"level":"debug","time":1691959416,"message":"Top right vertex: {9.9430759 51.5412659}"}
{"level":"info","time":1691959416,"message":"Starting vehicles 100"}
{"level":"debug","time":1691959432,"message":"Bottom left vertex: {9.9228433 51.5279533}"}
{"level":"debug","time":1691959432,"message":"Top right vertex: {9.9430759 51.5412659}"}
{"level":"info","time":1691959432,"message":"Starting vehicles 100"}
{"level":"debug","time":1691959495,"message":"Bottom left vertex: {9.9228433 51.5279533}"}
{"level":"debug","time":1691959495,"message":"Top right vertex: {9.9430759 51.5412659}"}
{"level":"info","time":1691959495,"message":"Starting vehicles 100"}
{"level":"debug","time":1691959526,"message":"Bottom left vertex: {9.9228433 51.5279533}"}
{"level":"debug","time":1691959526,"message":"Top right vertex: {9.9430759 51.5412659}"}
{"level":"info","time":1691959526,"message":"Starting vehicles 100"}
{"level":"debug","time":1691959548,"message":"Bottom left vertex: {9.9228433 51.5279533}"}
{"level":"debug","time":1691959548,"message":"Top right vertex: {9.9430759 51.5412659}"}
{"level":"info","time":1691959548,"message":"Starting vehicles 100"}
{"level":"debug","time":1691959587,"message":"[taWWd9snBJB_QvCbvR1vN] has started."}
{"level":"debug","time":1691959587,"message":"[BN0fxmv2YPDhgCFiLz3hM] has started."}
{"level":"debug","time":1691959587,"message":"[h5QSN5rEcBnl1x8ldbe3S] has started."}
{"level":"debug","time":1691959588,"message":"[06mBiRPD0oTDtoqx2oSs0] has started."}
{"level":"debug","time":1691959590,"message":"[guQZTwQGhJ_wl_lQ47ruy] has started."}
{"level":"info","time":1691959595,"message":"[taWWd9snBJB_QvCbvR1vN] is parked.\n"}
{"level":"info","time":1691959591,"message":"[BN0fxmv2YPDhgCFiLz3hM] is parked.\n"}
{"level":"debug","time":1691959595,"message":"[NxF3gQdbCCY2dJbIYsvE4] has started."}
{"level":"info","time":1691959591,"message":"[h5QSN5rEcBnl1x8ldbe3S] is parked.\n"}
{"level":"debug","time":1691959597,"message":"[lqHQVFR_yPpxO2E_zKMqk] has started."}
{"level":"info","time":1691959597,"message":"[NxF3gQdbCCY2dJbIYsvE4] is parked.\n"}
{"level":"info","time":1691959599,"message":"[guQZTwQGhJ_wl_lQ47ruy] is parked.\n"}
{"level":"debug","time":1691959600,"message":"[zEyHjqSQQBy6-_IISGYY0] has started."}
{"level":"debug","time":1691959600,"message":"[guQZTwQGhJ_wl_lQ47ruy] is done."}
{"level":"debug","time":1691959597,"message":"[BN0fxmv2YPDhgCFiLz3hM] is done."}
{"level":"debug","time":1691959604,"message":"[9HYDyhiSYI5gKR--A7WLJ] has started."}
{"level":"debug","time":1691959604,"message":"[pjq9AQzb3LtECZg3MKiSQ] has started."}
{"level":"debug","time":1691959604,"message":"[oQj8pyPryEWyEtGMz27pJ] has started."}
{"level":"debug","time":1691959599,"message":"[h5QSN5rEcBnl1x8ldbe3S] is done."}
{"level":"debug","time":1691959600,"message":"[NxF3gQdbCCY2dJbIYsvE4] is done."}
{"level":"debug","time":1691959599,"message":"[oro1T_B3e2qVFCFS2CrlV] has started."}
{"level":"debug","time":1691959604,"message":"[whf4Syf-nWpe1ygT9xK6M] has started."}
{"level":"debug","time":1691959604,"message":"[u_k8XOP52AfQhO9yLWi7-] has started."}
{"level":"debug","time":1691959604,"message":"[XSJs-utoEUxBIkMJeQ1iN] has started."}
{"level":"info","time":1691959604,"message":"[zEyHjqSQQBy6-_IISGYY0] is parked.\n"}
{"level":"debug","time":1691959604,"message":"[WlwIS6gMqs6AQ27UhofZ2] has started."}
{"level":"debug","time":1691959604,"message":"[rm0psMsYgJml4kzQrXNu7] has started."}
{"level":"debug","time":1691959596,"message":"[hfVNStkDsM0S9rAmgQVdX] has started."}
{"level":"debug","time":1691959604,"message":"[hzW2O3YS168RX1spG5Uzs] has started."}
{"level":"debug","time":1691959604,"message":"[qsWS6G4Ycd_xUuFMOfo7H] has started."}
{"level":"debug","time":1691959604,"message":"[7foYz46UgMxHZGF4Oh-hW] has started."}
{"level":"debug","time":1691959604,"message":"[klPV8bNNdxLBFCiApmnzM] has started."}
{"level":"debug","time":1691959604,"message":"[RdB5EIvOsUNJrsfVNBwWQ] has started."}
{"level":"info","time":1691959604,"message":"[rm0psMsYgJml4kzQrXNu7] is parked.\n"}
{"level":"debug","time":1691959604,"message":"[NqjfKMu8t5DzNDdN1yqKa] has started."}
{"level":"debug","time":1691959604,"message":"[9UNF28XAue3KgXk9irjOF] has started."}
{"level":"debug","time":1691959604,"message":"[lk7WnSoamosia4BqZdWK2] has started."}
{"level":"debug","time":1691959604,"message":"[Ewy_cRWZTBb8-sf6DlPsv] has started."}
{"level":"debug","time":1691959604,"message":"[6-vtbHFluwbLaf8iexURu] has started."}
{"level":"debug","time":1691959604,"message":"[dyht82dE2MzilfNv2RDVh] has started."}
{"level":"info","time":1691959604,"message":"[Ewy_cRWZTBb8-sf6DlPsv] is parked.\n"}
{"level":"debug","time":1691959604,"message":"[Ewy_cRWZTBb8-sf6DlPsv] is done."}
{"level":"debug","time":1691959604,"message":"[uDsiM7zK4D5Qx2iRfr_jx] has started."}
{"level":"debug","time":1691959604,"message":"[ciNbyvNyFC4Z-w76lG4SZ] has started."}
{"level":"debug","time":1691959604,"message":"[DapjHr4LNbTm0rAy7U6Ko] has started."}
{"level":"info","time":1691959604,"message":"[oQj8pyPryEWyEtGMz27pJ] is parked.\n"}
{"level":"info","time":1691959596,"message":"[06mBiRPD0oTDtoqx2oSs0] is parked.\n"}
{"level":"debug","time":1691959604,"message":"[6eYYw6k7L6J7G11Lr51Zx] has started."}
{"level":"info","time":1691959604,"message":"[WlwIS6gMqs6AQ27UhofZ2] is parked.\n"}
{"level":"debug","time":1691959604,"message":"[iACw9XsLEbbDqdFTokeRr] has started."}
{"level":"debug","time":1691959604,"message":"[rm0psMsYgJml4kzQrXNu7] is done."}
{"level":"debug","time":1691959599,"message":"[Hc5yjK-Ydl_9YqoSUubej] has started."}
{"level":"debug","time":1691959604,"message":"[oQj8pyPryEWyEtGMz27pJ] is done."}
{"level":"debug","time":1691959604,"message":"[OGvXUCvzhbWMnDvFMZ8IU] has started."}
{"level":"debug","time":1691959604,"message":"[-yPVYGeAWyylns6s5bp7u] has started."}
{"level":"debug","time":1691959604,"message":"[QOB2wKatBN1aj_Ladic1e] has started."}
{"level":"debug","time":1691959604,"message":"[-bH6H7WXtOqgaelPgOsr3] has started."}
{"level":"info","time":1691959604,"message":"[OGvXUCvzhbWMnDvFMZ8IU] is parked.\n"}
{"level":"debug","time":1691959604,"message":"[OGvXUCvzhbWMnDvFMZ8IU] is done."}
{"level":"debug","time":1691959596,"message":"[taWWd9snBJB_QvCbvR1vN] is done."}
{"level":"debug","time":1691959604,"message":"[M2SFzCZMzbtXoQUHBpP1D] has started."}
{"level":"info","time":1691959604,"message":"[QOB2wKatBN1aj_Ladic1e] is parked.\n"}
{"level":"info","time":1691959604,"message":"[Hc5yjK-Ydl_9YqoSUubej] is parked.\n"}
{"level":"debug","time":1691959604,"message":"[jkpZEyavM3UCbDWlNtFWZ] has started."}
{"level":"debug","time":1691959604,"message":"[jhvFLPCfTGYYFpw5EQ6Ru] has started."}
{"level":"info","time":1691959604,"message":"[-bH6H7WXtOqgaelPgOsr3] is parked.\n"}
{"level":"debug","time":1691959604,"message":"[-bH6H7WXtOqgaelPgOsr3] is done."}
{"level":"debug","time":1691959604,"message":"[Hc5yjK-Ydl_9YqoSUubej] is done."}
{"level":"debug","time":1691959604,"message":"[92bpZdTnKra2tH3z1ZArc] has started."}
{"level":"debug","time":1691959604,"message":"[n6UJHlT923N4m-jRw660m] has started."}
{"level":"debug","time":1691959604,"message":"[GLw5LCov9p1VLnOiZTAl_] has started."}
{"level":"debug","time":1691959604,"message":"[TentzhPd3uCdmuk0Z_UaH] has started."}
{"level":"debug","time":1691959595,"message":"[JcvmS9qwkGC7D832BtX1P] has started."}
{"level":"debug","time":1691959604,"message":"[VPm-BqvHJBS9xTAjfVzw2] has started."}
{"level":"debug","time":1691959604,"message":"[9k_98DBQakFNbUBVDv5Fc] has started."}
{"level":"debug","time":1691959604,"message":"[t9D9M1q1c5A3MBTyH_bnR] has started."}
{"level":"debug","time":1691959604,"message":"[lK_opzGFN_AZVgMZwAtpe] has started."}
{"level":"info","time":1691959604,"message":"[lqHQVFR_yPpxO2E_zKMqk] is parked.\n"}
{"level":"debug","time":1691959604,"message":"[zpVEhShLU49XgPQ9tBSH1] has started."}
{"level":"debug","time":1691959604,"message":"[oEh70LTWXDzry5duMsSol] has started."}
{"level":"info","time":1691959604,"message":"[VPm-BqvHJBS9xTAjfVzw2] is parked.\n"}
{"level":"debug","time":1691959604,"message":"[RtoL7gG9Oo1JVVG737oAv] has started."}
{"level":"debug","time":1691959604,"message":"[NqSpile6rvVDbrlv1l4Vm] has started."}
{"level":"debug","time":1691959604,"message":"[FKFgJ3UL8_0qWXK47jk7U] has started."}
{"level":"info","time":1691959604,"message":"[oEh70LTWXDzry5duMsSol] is parked.\n"}
{"level":"info","time":1691959604,"message":"[whf4Syf-nWpe1ygT9xK6M] is parked.\n"}
{"level":"debug","time":1691959604,"message":"[tm6vNYwMEIyGfjQ8WtQVx] has started."}
{"level":"info","time":1691959604,"message":"[9HYDyhiSYI5gKR--A7WLJ] is parked.\n"}
{"level":"debug","time":1691959604,"message":"[3Fq2RB7QFQPe3M9W4v58A] has started."}
{"level":"info","time":1691959604,"message":"[NqSpile6rvVDbrlv1l4Vm] is parked.\n"}
{"level":"debug","time":1691959604,"message":"[Cm-HI9fdLPromtIJlXRSo] has started."}
{"level":"debug","time":1691959604,"message":"[HMOM7DZAZJhIgvj9XOZZS] has started."}
{"level":"debug","time":1691959604,"message":"[_SEaj8xm233u7kOsd79cS] has started."}
{"level":"info","time":1691959604,"message":"[ciNbyvNyFC4Z-w76lG4SZ] is parked.\n"}
{"level":"debug","time":1691959604,"message":"[oEh70LTWXDzry5duMsSol] is done."}
{"level":"debug","time":1691959604,"message":"[9dXmZcRSBpb_1-2vCFmNN] has started."}
{"level":"debug","time":1691959604,"message":"[e91VrxB2v4so_ptayfx-R] has started."}
{"level":"debug","time":1691959604,"message":"[-PIxRR89Ej1Czf6_s1yLI] has started."}
{"level":"info","time":1691959604,"message":"[_SEaj8xm233u7kOsd79cS] is parked.\n"}
{"level":"debug","time":1691959604,"message":"[_SEaj8xm233u7kOsd79cS] is done."}
{"level":"debug","time":1691959604,"message":"[obkhwVXNUu_je6PPh7Uxg] has started."}
{"level":"info","time":1691959604,"message":"[Cm-HI9fdLPromtIJlXRSo] is parked.\n"}
{"level":"debug","time":1691959604,"message":"[Ow-NWLac8OhMuLL7qLh6u] has started."}
{"level":"debug","time":1691959604,"message":"[un8zBSr69aDBLhXhDZe6q] has started."}
{"level":"info","time":1691959604,"message":"[FKFgJ3UL8_0qWXK47jk7U] is parked.\n"}
{"level":"debug","time":1691959604,"message":"[FKFgJ3UL8_0qWXK47jk7U] is done."}
{"level":"debug","time":1691959604,"message":"[TKzgHnJJH2_9igg3d3eAU] has started."}
{"level":"info","time":1691959604,"message":"[e91VrxB2v4so_ptayfx-R] is parked.\n"}
{"level":"debug","time":1691959604,"message":"[e91VrxB2v4so_ptayfx-R] is done."}
{"level":"debug","time":1691959604,"message":"[DOBYUL_rhAn2Cottk_deC] has started."}
{"level":"debug","time":1691959604,"message":"[NqSpile6rvVDbrlv1l4Vm] is done."}
{"level":"info","time":1691959604,"message":"[zpVEhShLU49XgPQ9tBSH1] is parked.\n"}
{"level":"debug","time":1691959604,"message":"[zpVEhShLU49XgPQ9tBSH1] is done."}
{"level":"debug","time":1691959604,"message":"[4tMfbPL1sM2ph1LAW_qpm] has started."}
{"level":"info","time":1691959604,"message":"[4tMfbPL1sM2ph1LAW_qpm] is parked.\n"}
{"level":"debug","time":1691959604,"message":"[4tMfbPL1sM2ph1LAW_qpm] is done."}
{"level":"debug","time":1691959604,"message":"[sTLfkf3ZZWGAVaxidbSb0] has started."}
{"level":"info","time":1691959604,"message":"[-PIxRR89Ej1Czf6_s1yLI] is parked.\n"}
{"level":"debug","time":1691959604,"message":"[_jIJ6V7dIPO50t60j2rUk] has started."}
{"level":"info","time":1691959604,"message":"[RtoL7gG9Oo1JVVG737oAv] is parked.\n"}
{"level":"info","time":1691959604,"message":"[oro1T_B3e2qVFCFS2CrlV] is parked.\n"}
{"level":"debug","time":1691959604,"message":"[RtoL7gG9Oo1JVVG737oAv] is done."}
{"level":"debug","time":1691959604,"message":"[JTZSkJAe_fMTwbCilRrP4] has started."}
{"level":"debug","time":1691959604,"message":"[VPm-BqvHJBS9xTAjfVzw2] is done."}
{"level":"info","time":1691959604,"message":"[92bpZdTnKra2tH3z1ZArc] is parked.\n"}
{"level":"info","time":1691959604,"message":"[obkhwVXNUu_je6PPh7Uxg] is parked.\n"}
{"level":"debug","time":1691959604,"message":"[oro1T_B3e2qVFCFS2CrlV] is done."}
{"level":"info","time":1691959604,"message":"[TKzgHnJJH2_9igg3d3eAU] is parked.\n"}
{"level":"info","time":1691959604,"message":"[9UNF28XAue3KgXk9irjOF] is parked.\n"}
{"level":"info","time":1691959604,"message":"[NqjfKMu8t5DzNDdN1yqKa] is parked.\n"}
{"level":"info","time":1691959604,"message":"[lk7WnSoamosia4BqZdWK2] is parked.\n"}
{"level":"info","time":1691959604,"message":"[6eYYw6k7L6J7G11Lr51Zx] is parked.\n"}
{"level":"info","time":1691959604,"message":"[M2SFzCZMzbtXoQUHBpP1D] is parked.\n"}
{"level":"debug","time":1691959604,"message":"[PdO2m_PKYfUUYvejkBcxL] has started."}
{"level":"debug","time":1691959604,"message":"[A7cE1xZpHlarSWt4OZhSd] has started."}
{"level":"info","time":1691959604,"message":"[GLw5LCov9p1VLnOiZTAl_] is parked.\n"}
{"level":"info","time":1691959604,"message":"[PdO2m_PKYfUUYvejkBcxL] is parked.\n"}
{"level":"debug","time":1691959604,"message":"[jQx_QaReGTsut9HrXwiaY] has started."}
{"level":"debug","time":1691959604,"message":"[sp0sUGNy0N8PuXbUqP31h] has started."}
{"level":"debug","time":1691959604,"message":"[5tcH6bc9n29I_37jw9BLA] has started."}
{"level":"info","time":1691959604,"message":"[lK_opzGFN_AZVgMZwAtpe] is parked.\n"}
{"level":"info","time":1691959604,"message":"[tm6vNYwMEIyGfjQ8WtQVx] is parked.\n"}
{"level":"debug","time":1691959604,"message":"[E1fVoOcW24IXxXDcY_AYE] has started."}
{"level":"debug","time":1691959604,"message":"[ciNbyvNyFC4Z-w76lG4SZ] is done."}
{"level":"info","time":1691959604,"message":"[hfVNStkDsM0S9rAmgQVdX] is parked.\n"}
{"level":"debug","time":1691959604,"message":"[lqHQVFR_yPpxO2E_zKMqk] is done."}
{"level":"debug","time":1691959604,"message":"[-PIxRR89Ej1Czf6_s1yLI] is done."}
{"level":"info","time":1691959604,"message":"[3Fq2RB7QFQPe3M9W4v58A] is parked.\n"}
{"level":"info","time":1691959604,"message":"[DapjHr4LNbTm0rAy7U6Ko] is parked.\n"}
{"level":"debug","time":1691959604,"message":"[4mBl6Q98NFU_ihzDjf8eh] has started."}
{"level":"debug","time":1691959604,"message":"[osfcM-bcWtxofuUGFwMht] has started."}
{"level":"debug","time":1691959604,"message":"[NqjfKMu8t5DzNDdN1yqKa] is done."}
{"level":"info","time":1691959604,"message":"[uDsiM7zK4D5Qx2iRfr_jx] is parked.\n"}
{"level":"debug","time":1691959604,"message":"[lk7WnSoamosia4BqZdWK2] is done."}
{"level":"debug","time":1691959604,"message":"[atwNn6FqwqgFkM6AeieHD] has started."}
{"level":"info","time":1691959604,"message":"[jkpZEyavM3UCbDWlNtFWZ] is parked.\n"}
{"level":"info","time":1691959604,"message":"[Ow-NWLac8OhMuLL7qLh6u] is parked.\n"}
{"level":"debug","time":1691959604,"message":"[jkpZEyavM3UCbDWlNtFWZ] is done."}
{"level":"info","time":1691959604,"message":"[JcvmS9qwkGC7D832BtX1P] is parked.\n"}
{"level":"info","time":1691959604,"message":"[jhvFLPCfTGYYFpw5EQ6Ru] is parked.\n"}
{"level":"info","time":1691959604,"message":"[6-vtbHFluwbLaf8iexURu] is parked.\n"}
{"level":"info","time":1691959604,"message":"[-yPVYGeAWyylns6s5bp7u] is parked.\n"}
{"level":"debug","time":1691959604,"message":"[ix_FDacGWQfrwO3EOeH4a] has started."}
{"level":"debug","time":1691959604,"message":"[BqpOBt32-thUtg5Yt66mx] has started."}
{"level":"info","time":1691959604,"message":"[sp0sUGNy0N8PuXbUqP31h] is parked.\n"}
{"level":"debug","time":1691959604,"message":"[sp0sUGNy0N8PuXbUqP31h] is done."}
{"level":"debug","time":1691959604,"message":"[T5WFc1HumxwSNrFOdOtJ2] has started."}
{"level":"debug","time":1691959604,"message":"[Sq4CI17JeNhjrea999Xux] has started."}
{"level":"info","time":1691959604,"message":"[A7cE1xZpHlarSWt4OZhSd] is parked.\n"}
{"level":"debug","time":1691959604,"message":"[A7cE1xZpHlarSWt4OZhSd] is done."}
{"level":"debug","time":1691959604,"message":"[lK_opzGFN_AZVgMZwAtpe] is done."}
{"level":"debug","time":1691959604,"message":"[tm6vNYwMEIyGfjQ8WtQVx] is done."}
{"level":"debug","time":1691959604,"message":"[hfVNStkDsM0S9rAmgQVdX] is done."}
{"level":"info","time":1691959604,"message":"[9dXmZcRSBpb_1-2vCFmNN] is parked.\n"}
{"level":"info","time":1691959604,"message":"[5tcH6bc9n29I_37jw9BLA] is parked.\n"}
{"level":"debug","time":1691959604,"message":"[dKafStbKQOMeS3KFgBK7s] has started."}
{"level":"info","time":1691959604,"message":"[jQx_QaReGTsut9HrXwiaY] is parked.\n"}
{"level":"debug","time":1691959604,"message":"[Cm-HI9fdLPromtIJlXRSo] is done."}
{"level":"debug","time":1691959604,"message":"[pt7WEEzB9K9mkvRTTybPk] has started."}
{"level":"info","time":1691959604,"message":"[HMOM7DZAZJhIgvj9XOZZS] is parked.\n"}
{"level":"debug","time":1691959604,"message":"[92bpZdTnKra2tH3z1ZArc] is done."}
{"level":"debug","time":1691959604,"message":"[5tcH6bc9n29I_37jw9BLA] is done."}
{"level":"debug","time":1691959604,"message":"[jQx_QaReGTsut9HrXwiaY] is done."}
{"level":"debug","time":1691959604,"message":"[9UNF28XAue3KgXk9irjOF] is done."}
{"level":"info","time":1691959604,"message":"[atwNn6FqwqgFkM6AeieHD] is parked.\n"}
{"level":"info","time":1691959604,"message":"[Sq4CI17JeNhjrea999Xux] is parked.\n"}
{"level":"debug","time":1691959604,"message":"[06mBiRPD0oTDtoqx2oSs0] is done."}
{"level":"info","time":1691959604,"message":"[pt7WEEzB9K9mkvRTTybPk] is parked.\n"}
{"level":"info","time":1691959604,"message":"[dKafStbKQOMeS3KFgBK7s] is parked.\n"}
{"level":"debug","time":1691959604,"message":"[yAJ-ZH_xeaBFZbZYDZb69] has started."}
{"level":"debug","time":1691959604,"message":"[M2SFzCZMzbtXoQUHBpP1D] is done."}
{"level":"debug","time":1691959604,"message":"[dXOpmihReb2faBkSJ3aJS] has started."}
{"level":"info","time":1691959604,"message":"[DOBYUL_rhAn2Cottk_deC] is parked.\n"}
{"level":"info","time":1691959604,"message":"[dXOpmihReb2faBkSJ3aJS] is parked.\n"}
{"level":"debug","time":1691959604,"message":"[dXOpmihReb2faBkSJ3aJS] is done."}
{"level":"debug","time":1691959604,"message":"[EYNxgrf8Ow9RIv458qMjA] has started."}
{"level":"debug","time":1691959604,"message":"[KBTHQngNq9knhL4a563VN] has started."}
{"level":"info","time":1691959604,"message":"[EYNxgrf8Ow9RIv458qMjA] is parked.\n"}
{"level":"debug","time":1691959604,"message":"[EYNxgrf8Ow9RIv458qMjA] is done."}
{"level":"info","time":1691959604,"message":"[klPV8bNNdxLBFCiApmnzM] is parked.\n"}
{"level":"debug","time":1691959604,"message":"[klPV8bNNdxLBFCiApmnzM] is done."}
{"level":"debug","time":1691959604,"message":"[Ow-NWLac8OhMuLL7qLh6u] is done."}
{"level":"info","time":1691959604,"message":"[KBTHQngNq9knhL4a563VN] is parked.\n"}
{"level":"debug","time":1691959604,"message":"[KBTHQngNq9knhL4a563VN] is done."}
{"level":"debug","time":1691959604,"message":"[GLw5LCov9p1VLnOiZTAl_] is done."}
{"level":"info","time":1691959604,"message":"[RdB5EIvOsUNJrsfVNBwWQ] is parked.\n"}
{"level":"debug","time":1691959604,"message":"[RdB5EIvOsUNJrsfVNBwWQ] is done."}
{"level":"info","time":1691959604,"message":"[dyht82dE2MzilfNv2RDVh] is parked.\n"}
{"level":"debug","time":1691959604,"message":"[dyht82dE2MzilfNv2RDVh] is done."}
{"level":"debug","time":1691959604,"message":"[6eYYw6k7L6J7G11Lr51Zx] is done."}
{"level":"debug","time":1691959604,"message":"[jhvFLPCfTGYYFpw5EQ6Ru] is done."}
{"level":"debug","time":1691959604,"message":"[PdO2m_PKYfUUYvejkBcxL] is done."}
{"level":"debug","time":1691959604,"message":"[4cRa-e-jd9CSzQQBtPQuJ] has started."}
{"level":"info","time":1691959604,"message":"[TentzhPd3uCdmuk0Z_UaH] is parked.\n"}
{"level":"info","time":1691959604,"message":"[qsWS6G4Ycd_xUuFMOfo7H] is parked.\n"}
{"level":"debug","time":1691959604,"message":"[TentzhPd3uCdmuk0Z_UaH] is done."}
{"level":"debug","time":1691959604,"message":"[qsWS6G4Ycd_xUuFMOfo7H] is done."}
{"level":"info","time":1691959604,"message":"[9k_98DBQakFNbUBVDv5Fc] is parked.\n"}
{"level":"info","time":1691959604,"message":"[BqpOBt32-thUtg5Yt66mx] is parked.\n"}
{"level":"debug","time":1691959604,"message":"[BqpOBt32-thUtg5Yt66mx] is done."}
{"level":"debug","time":1691959604,"message":"[whf4Syf-nWpe1ygT9xK6M] is done."}
{"level":"debug","time":1691959604,"message":"[DapjHr4LNbTm0rAy7U6Ko] is done."}
{"level":"debug","time":1691959604,"message":"[9dXmZcRSBpb_1-2vCFmNN] is done."}
{"level":"info","time":1691959604,"message":"[4mBl6Q98NFU_ihzDjf8eh] is parked.\n"}
{"level":"debug","time":1691959604,"message":"[4mBl6Q98NFU_ihzDjf8eh] is done."}
{"level":"info","time":1691959604,"message":"[pjq9AQzb3LtECZg3MKiSQ] is parked.\n"}
{"level":"debug","time":1691959604,"message":"[pjq9AQzb3LtECZg3MKiSQ] is done."}
{"level":"debug","time":1691959604,"message":"[uDsiM7zK4D5Qx2iRfr_jx] is done."}
{"level":"info","time":1691959604,"message":"[iACw9XsLEbbDqdFTokeRr] is parked.\n"}
{"level":"debug","time":1691959604,"message":"[iACw9XsLEbbDqdFTokeRr] is done."}
{"level":"debug","time":1691959604,"message":"[vBixWEgu4envXNlm_7tpG] has started."}
{"level":"debug","time":1691959604,"message":"[HMOM7DZAZJhIgvj9XOZZS] is done."}
{"level":"debug","time":1691959604,"message":"[TKzgHnJJH2_9igg3d3eAU] is done."}
{"level":"info","time":1691959604,"message":"[n6UJHlT923N4m-jRw660m] is parked.\n"}
{"level":"debug","time":1691959604,"message":"[n6UJHlT923N4m-jRw660m] is done."}
{"level":"info","time":1691959604,"message":"[ix_FDacGWQfrwO3EOeH4a] is parked.\n"}
{"level":"info","time":1691959604,"message":"[vBixWEgu4envXNlm_7tpG] is parked.\n"}
{"level":"debug","time":1691959604,"message":"[vBixWEgu4envXNlm_7tpG] is done."}
{"level":"debug","time":1691959604,"message":"[4p-SN-YDpLyjWBLM98sy5] has started."}
{"level":"debug","time":1691959604,"message":"[fE8olN-JABxnIWbV9v-oh] has started."}
{"level":"info","time":1691959604,"message":"[4p-SN-YDpLyjWBLM98sy5] is parked.\n"}
{"level":"debug","time":1691959604,"message":"[4p-SN-YDpLyjWBLM98sy5] is done."}
{"level":"debug","time":1691959604,"message":"[atwNn6FqwqgFkM6AeieHD] is done."}
{"level":"debug","time":1691959604,"message":"[9HYDyhiSYI5gKR--A7WLJ] is done."}
{"level":"debug","time":1691959604,"message":"[Sq4CI17JeNhjrea999Xux] is done."}
{"level":"debug","time":1691959604,"message":"[obkhwVXNUu_je6PPh7Uxg] is done."}
{"level":"debug","time":1691959604,"message":"[MMqpD89g9Umat86BfdatX] has started."}
{"level":"debug","time":1691959604,"message":"[pt7WEEzB9K9mkvRTTybPk] is done."}
{"level":"info","time":1691959604,"message":"[sTLfkf3ZZWGAVaxidbSb0] is parked.\n"}
{"level":"debug","time":1691959604,"message":"[sTLfkf3ZZWGAVaxidbSb0] is done."}
{"level":"debug","time":1691959604,"message":"[DOBYUL_rhAn2Cottk_deC] is done."}
{"level":"info","time":1691959604,"message":"[XSJs-utoEUxBIkMJeQ1iN] is parked.\n"}
{"level":"debug","time":1691959604,"message":"[dKafStbKQOMeS3KFgBK7s] is done."}
{"level":"debug","time":1691959604,"message":"[zEyHjqSQQBy6-_IISGYY0] is done."}
{"level":"info","time":1691959604,"message":"[yAJ-ZH_xeaBFZbZYDZb69] is parked.\n"}
{"level":"debug","time":1691959604,"message":"[yAJ-ZH_xeaBFZbZYDZb69] is done."}
{"level":"info","time":1691959604,"message":"[hzW2O3YS168RX1spG5Uzs] is parked.\n"}
{"level":"info","time":1691959604,"message":"[7foYz46UgMxHZGF4Oh-hW] is parked.\n"}
{"level":"debug","time":1691959604,"message":"[7foYz46UgMxHZGF4Oh-hW] is done."}
{"level":"debug","time":1691959604,"message":"[JcvmS9qwkGC7D832BtX1P] is done."}
{"level":"info","time":1691959604,"message":"[_jIJ6V7dIPO50t60j2rUk] is parked.\n"}
{"level":"debug","time":1691959604,"message":"[_jIJ6V7dIPO50t60j2rUk] is done."}
{"level":"debug","time":1691959604,"message":"[nTQN-jGu2BsoCcjgv6Lgl] has started."}
{"level":"info","time":1691959604,"message":"[4cRa-e-jd9CSzQQBtPQuJ] is parked.\n"}
{"level":"debug","time":1691959604,"message":"[4cRa-e-jd9CSzQQBtPQuJ] is done."}
{"level":"debug","time":1691959604,"message":"[QOB2wKatBN1aj_Ladic1e] is done."}
{"level":"info","time":1691959604,"message":"[E1fVoOcW24IXxXDcY_AYE] is parked.\n"}
{"level":"debug","time":1691959604,"message":"[E1fVoOcW24IXxXDcY_AYE] is done."}
{"level":"info","time":1691959604,"message":"[T5WFc1HumxwSNrFOdOtJ2] is parked.\n"}
{"level":"debug","time":1691959604,"message":"[T5WFc1HumxwSNrFOdOtJ2] is done."}
{"level":"debug","time":1691959604,"message":"[-yPVYGeAWyylns6s5bp7u] is done."}
{"level":"info","time":1691959604,"message":"[JTZSkJAe_fMTwbCilRrP4] is parked.\n"}
{"level":"debug","time":1691959604,"message":"[JTZSkJAe_fMTwbCilRrP4] is done."}
{"level":"debug","time":1691959604,"message":"[Lm3sr1ejTnR1SOpKHZQOt] has started."}
{"level":"info","time":1691959604,"message":"[fE8olN-JABxnIWbV9v-oh] is parked.\n"}
{"level":"debug","time":1691959604,"message":"[fE8olN-JABxnIWbV9v-oh] is done."}
{"level":"info","time":1691959604,"message":"[t9D9M1q1c5A3MBTyH_bnR] is parked.\n"}
{"level":"debug","time":1691959604,"message":"[WlwIS6gMqs6AQ27UhofZ2] is done."}
{"level":"debug","time":1691959604,"message":"[XSJs-utoEUxBIkMJeQ1iN] is done."}
{"level":"debug","time":1691959604,"message":"[bzNuPxZKNPvEO8eYubjZ7] has started."}
{"level":"debug","time":1691959604,"message":"[hzW2O3YS168RX1spG5Uzs] is done."}
{"level":"info","time":1691959604,"message":"[un8zBSr69aDBLhXhDZe6q] is parked.\n"}
{"level":"debug","time":1691959604,"message":"[un8zBSr69aDBLhXhDZe6q] is done."}
{"level":"info","time":1691959604,"message":"[u_k8XOP52AfQhO9yLWi7-] is parked.\n"}
{"level":"debug","time":1691959604,"message":"[u_k8XOP52AfQhO9yLWi7-] is done."}
{"level":"info","time":1691959604,"message":"[nTQN-jGu2BsoCcjgv6Lgl] is parked.\n"}
{"level":"debug","time":1691959604,"message":"[nTQN-jGu2BsoCcjgv6Lgl] is done."}
{"level":"debug","time":1691959604,"message":"[ix_FDacGWQfrwO3EOeH4a] is done."}
{"level":"debug","time":1691959604,"message":"[3Fq2RB7QFQPe3M9W4v58A] is done."}
{"level":"info","time":1691959604,"message":"[osfcM-bcWtxofuUGFwMht] is parked.\n"}
{"level":"debug","time":1691959604,"message":"[osfcM-bcWtxofuUGFwMht] is done."}
{"level":"info","time":1691959604,"message":"[MMqpD89g9Umat86BfdatX] is parked.\n"}
{"level":"debug","time":1691959604,"message":"[MMqpD89g9Umat86BfdatX] is done."}
{"level":"debug","time":1691959604,"message":"[6-vtbHFluwbLaf8iexURu] is done."}
{"level":"info","time":1691959604,"message":"[bzNuPxZKNPvEO8eYubjZ7] is parked.\n"}
{"level":"debug","time":1691959604,"message":"[bzNuPxZKNPvEO8eYubjZ7] is done."}
{"level":"debug","time":1691959604,"message":"[t9D9M1q1c5A3MBTyH_bnR] is done."}
{"level":"debug","time":1691959604,"message":"[9k_98DBQakFNbUBVDv5Fc] is done."}
{"level":"info","time":1691959604,"message":"[Lm3sr1ejTnR1SOpKHZQOt] is parked.\n"}
{"level":"debug","time":1691959604,"message":"[Lm3sr1ejTnR1SOpKHZQOt] is done."}
{"level":"debug","time":1691959618,"message":"Bottom left vertex: {9.9228433 51.5279533}"}
{"level":"debug","time":1691959618,"message":"Top right vertex: {9.9430759 51.5412659}"}
{"level":"info","time":1691959618,"message":"Starting vehicles 100"}
{"level":"info","time":1691959645,"message":"Starting vehicles 100"}
{"level":"debug","time":1691959650,"message":"Bottom left vertex: {9.9228433 51.5279533}"}
{"level":"debug","time":1691959650,"message":"Top right vertex: {9.9430759 51.5412659}"}
{"level":"info","time":1691959650,"message":"Starting vehicles 100"}
{"level":"debug","time":1691959719,"message":"Bottom left vertex: {9.9228433 51.5279533}"}
{"level":"debug","time":1691959719,"message":"Top right vertex: {9.9430759 51.5412659}"}
{"level":"info","time":1691959719,"message":"Starting vehicles 100"}
{"level":"debug","time":1691959719,"message":"[tbejZkblHbMl8Bz4SbtRf] has started."}
{"level":"debug","time":1691959719,"message":"[XOXdm6XU3JVvrrmrxqXkq] has started."}
{"level":"debug","time":1691959719,"message":"[miTfBiQXJh1hqW583IUHv] has started."}
{"level":"debug","time":1691959719,"message":"[aqk5dz-lCgAqECN7zL1EI] has started."}
{"level":"debug","time":1691959719,"message":"[8FOOS71AqXJbsZkSFTJo8] has started."}
{"level":"debug","time":1691959719,"message":"[HDrjNPUlMS2GcCTltp8TM] has started."}
{"level":"debug","time":1691959719,"message":"[RXQ-rTagvsDXsQxzPSOmV] has started."}
{"level":"debug","time":1691959719,"message":"[jW-1uPQioi7Ahl5e7uKo0] has started."}
{"level":"debug","time":1691959719,"message":"[tO6iMajU81NPqfcq0YE_n] has started."}
{"level":"info","time":1691959719,"message":"[jW-1uPQioi7Ahl5e7uKo0] is parked.\n"}
{"level":"debug","time":1691959719,"message":"[jW-1uPQioi7Ahl5e7uKo0] is done."}
{"level":"debug","time":1691959719,"message":"[N9SkZMe_W8mQcm6aSMTBN] has started."}
{"level":"debug","time":1691959719,"message":"[uNc3UWewlFLrPk-xNZYSh] has started."}
{"level":"debug","time":1691959719,"message":"[0osA7D8wNaxQuhu1qhF-h] has started."}
{"level":"debug","time":1691959719,"message":"[eAoiO-G8PGp8F1-FNrzHZ] has started."}
{"level":"debug","time":1691959719,"message":"[a0d3NO9sqsWNCP9SWGyNy] has started."}
{"level":"debug","time":1691959719,"message":"[zTUVz9j3TIkktxhu63Rjq] has started."}
{"level":"info","time":1691959719,"message":"[a0d3NO9sqsWNCP9SWGyNy] is parked.\n"}
{"level":"debug","time":1691959719,"message":"[a0d3NO9sqsWNCP9SWGyNy] is done."}
{"level":"debug","time":1691959719,"message":"[kz-jxLQ16fD7ueNZJpdcE] has started."}
{"level":"debug","time":1691959719,"message":"[DOmIqWhCk6IheoUE3hQrH] has started."}
{"level":"debug","time":1691959719,"message":"[GlCjWOxXYKgi_X9MEzn7N] has started."}
{"level":"debug","time":1691959719,"message":"[OF4stXysdsokHNieA_V82] has started."}
{"level":"debug","time":1691959719,"message":"[x-UEehAOFGxflr7Bk6cHI] has started."}
{"level":"debug","time":1691959719,"message":"[Pjd_p_Oo8Huh5hoN1GW9z] has started."}
{"level":"debug","time":1691959719,"message":"[dJEnCaVbL49LFHQ8v_c5i] has started."}
{"level":"debug","time":1691959719,"message":"[_LhGuK6rU_A1nfcGcCxvd] has started."}
{"level":"debug","time":1691959719,"message":"[-OGZFn3X3QM5bPBTPscQY] has started."}
{"level":"info","time":1691959719,"message":"[_LhGuK6rU_A1nfcGcCxvd] is parked.\n"}
{"level":"debug","time":1691959719,"message":"[VCRm2b5b3qoep6_xDUP6b] has started."}
{"level":"debug","time":1691959719,"message":"[Dxmz6O-W6sGsWS_qv5Uvj] has started."}
{"level":"debug","time":1691959719,"message":"[tq13a4EvvWzGSgPs2JT5W] has started."}
{"level":"debug","time":1691959719,"message":"[OEYp-SQq0DQR5sd7brnPV] has started."}
{"level":"info","time":1691959719,"message":"[Dxmz6O-W6sGsWS_qv5Uvj] is parked.\n"}
{"level":"debug","time":1691959719,"message":"[Dxmz6O-W6sGsWS_qv5Uvj] is done."}
{"level":"debug","time":1691959719,"message":"[mFU9tedUtvWGPLA2bHzD2] has started."}
{"level":"debug","time":1691959719,"message":"[d-TosjsqnuLxTyyNu_qza] has started."}
{"level":"debug","time":1691959719,"message":"[7xUPnG-ouPHfhZAr1eY-J] has started."}
{"level":"debug","time":1691959719,"message":"[4C_AUYiNYW4dIjyOMwGo0] has started."}
{"level":"debug","time":1691959719,"message":"[cLN4cNXyk3q1oxr0FhasK] has started."}
{"level":"debug","time":1691959719,"message":"[efl5diRQjPx5L_dTZbv5K] has started."}
{"level":"debug","time":1691959719,"message":"[3E1mHmaRfpcVfLzd5JGj_] has started."}
{"level":"debug","time":1691959719,"message":"[wWlacykfysgadYP5462My] has started."}
{"level":"info","time":1691959719,"message":"[aqk5dz-lCgAqECN7zL1EI] is parked.\n"}
{"level":"debug","time":1691959719,"message":"[aqk5dz-lCgAqECN7zL1EI] is done."}
{"level":"debug","time":1691959719,"message":"[uWa4HsAzqCqsOuFx-Y0DL] has started."}
{"level":"debug","time":1691959719,"message":"[ZqwzM_Bks7BD3xQgFMwk_] has started."}
{"level":"debug","time":1691959719,"message":"[cBENCnU_Tn1VVNy33lBq_] has started."}
{"level":"debug","time":1691959719,"message":"[rSBs0JXSpVxopQxw4mwlD] has started."}
{"level":"info","time":1691959719,"message":"[ZqwzM_Bks7BD3xQgFMwk_] is parked.\n"}
{"level":"debug","time":1691959719,"message":"[yQm5t6DK9ISC76hRybLwx] has started."}
{"level":"debug","time":1691959719,"message":"[OgiljwMYwH3eUaJDfgLU4] has started."}
{"level":"debug","time":1691959719,"message":"[TeOWykuE8kek28ZY_SAGw] has started."}
{"level":"debug","time":1691959719,"message":"[kBHRn73wZcpgZAuebA0F9] has started."}
{"level":"debug","time":1691959719,"message":"[gZatJ9dKAfrSSoSDOqskt] has started."}
{"level":"debug","time":1691959719,"message":"[38__zAOMvjXxxNjSDFB1H] has started."}
{"level":"debug","time":1691959719,"message":"[ZqwzM_Bks7BD3xQgFMwk_] is done."}
{"level":"debug","time":1691959719,"message":"[oBYPdpwjXfUDpxitTHUWL] has started."}
{"level":"debug","time":1691959719,"message":"[PgW_jN9hD_PXqeupxzkyW] has started."}
{"level":"debug","time":1691959719,"message":"[0THz3ybYuBXRuxP9Wc1PW] has started."}
{"level":"debug","time":1691959719,"message":"[4WI7_0JBPNLGUEuQqnuey] has started."}
{"level":"info","time":1691959719,"message":"[HDrjNPUlMS2GcCTltp8TM] is parked.\n"}
{"level":"debug","time":1691959719,"message":"[2Rqe6fSsSBN3xNqAWc7dl] has started."}
{"level":"info","time":1691959719,"message":"[N9SkZMe_W8mQcm6aSMTBN] is parked.\n"}
{"level":"info","time":1691959719,"message":"[mFU9tedUtvWGPLA2bHzD2] is parked.\n"}
{"level":"debug","time":1691959719,"message":"[p6Z7o6-4nwjb0t2QMibG-] has started."}
{"level":"debug","time":1691959719,"message":"[36tpzH_IKXsCNnuw79U4U] has started."}
{"level":"debug","time":1691959719,"message":"[pzsLGL_Tlbhg-QYQ1vP4n] has started."}
{"level":"info","time":1691959719,"message":"[tbejZkblHbMl8Bz4SbtRf] is parked.\n"}
{"level":"debug","time":1691959719,"message":"[3jM0muyTxQxbHlm3y56k6] has started."}
{"level":"debug","time":1691959719,"message":"[HDrjNPUlMS2GcCTltp8TM] is done."}
{"level":"debug","time":1691959719,"message":"[lY2-QzorU2ep9xFWBdOk6] has started."}
{"level":"info","time":1691959719,"message":"[36tpzH_IKXsCNnuw79U4U] is parked.\n"}
{"level":"debug","time":1691959719,"message":"[AmRcGhjBO5yvy9m6Llcew] has started."}
{"level":"debug","time":1691959719,"message":"[FmpZt77U9Y2JDUuGL3ZLC] has started."}
{"level":"info","time":1691959719,"message":"[2Rqe6fSsSBN3xNqAWc7dl] is parked.\n"}
{"level":"info","time":1691959719,"message":"[GlCjWOxXYKgi_X9MEzn7N] is parked.\n"}
{"level":"debug","time":1691959719,"message":"[2Rqe6fSsSBN3xNqAWc7dl] is done."}
{"level":"info","time":1691959719,"message":"[cLN4cNXyk3q1oxr0FhasK] is parked.\n"}
{"level":"debug","time":1691959719,"message":"[pZlbDQyW1_7CFQYFlspnw] has started."}
{"level":"debug","time":1691959719,"message":"[r_yw7WJfRR35f2SwqX7XZ] has started."}
{"level":"debug","time":1691959719,"message":"[d06SoKk53CorJnAOq3An4] has started."}
{"level":"debug","time":1691959719,"message":"[ZnxQAq3YHxTpbWIOAPjf0] has started."}
{"level":"info","time":1691959719,"message":"[TeOWykuE8kek28ZY_SAGw] is parked.\n"}
{"level":"debug","time":1691959719,"message":"[TeOWykuE8kek28ZY_SAGw] is done."}
{"level":"debug","time":1691959719,"message":"[LCejqvjpz8mBeFAOMkFP8] has started."}
{"level":"info","time":1691959719,"message":"[ZnxQAq3YHxTpbWIOAPjf0] is parked.\n"}
{"level":"info","time":1691959719,"message":"[uWa4HsAzqCqsOuFx-Y0DL] is parked.\n"}
{"level":"debug","time":1691959719,"message":"[5b5t4nt88Mhu9SxdGBUQ0] has started."}
{"level":"debug","time":1691959719,"message":"[YzEZINNNCjm80-FezZChs] has started."}
{"level":"info","time":1691959719,"message":"[DOmIqWhCk6IheoUE3hQrH] is parked.\n"}
{"level":"debug","time":1691959719,"message":"[ZgVtuIm0egTGVoxKNcbaQ] has started."}
{"level":"debug","time":1691959719,"message":"[w5XxOi8IHooM5V8RMliQT] has started."}
{"level":"info","time":1691959719,"message":"[gZatJ9dKAfrSSoSDOqskt] is parked.\n"}
{"level":"debug","time":1691959719,"message":"[gZatJ9dKAfrSSoSDOqskt] is done."}
{"level":"info","time":1691959719,"message":"[4WI7_0JBPNLGUEuQqnuey] is parked.\n"}
{"level":"debug","time":1691959719,"message":"[_LhGuK6rU_A1nfcGcCxvd] is done."}
{"level":"info","time":1691959719,"message":"[lY2-QzorU2ep9xFWBdOk6] is parked.\n"}
{"level":"debug","time":1691959719,"message":"[hjj-GSHRJfy1fLSCrshbT] has started."}
{"level":"debug","time":1691959719,"message":"[TzWwJ0Tbum5e6Tvq1A66N] has started."}
{"level":"debug","time":1691959719,"message":"[WKPU5y8ehBe3A1k1YPYNT] has started."}
{"level":"info","time":1691959719,"message":"[8FOOS71AqXJbsZkSFTJo8] is parked.\n"}
{"level":"debug","time":1691959719,"message":"[OQrDXBgluRW_PkM0Q52cW] has started."}
{"level":"debug","time":1691959719,"message":"[aXkvry3w1T7TPEbeEW0A1] has started."}
{"level":"debug","time":1691959719,"message":"[RSrz38IOnm4h-3YylZfHM] has started."}
{"level":"debug","time":1691959719,"message":"[2sd8xNyfTt20Eo1ziyO9S] has started."}
{"level":"info","time":1691959719,"message":"[RSrz38IOnm4h-3YylZfHM] is parked.\n"}
{"level":"debug","time":1691959719,"message":"[Jie3aXwrZJqAmTTnWZAY1] has started."}
{"level":"info","time":1691959719,"message":"[2sd8xNyfTt20Eo1ziyO9S] is parked.\n"}
{"level":"debug","time":1691959719,"message":"[ZnxQAq3YHxTpbWIOAPjf0] is done."}
{"level":"debug","time":1691959719,"message":"[36tpzH_IKXsCNnuw79U4U] is done."}
{"level":"info","time":1691959719,"message":"[eAoiO-G8PGp8F1-FNrzHZ] is parked.\n"}
{"level":"debug","time":1691959719,"message":"[54bT9lZEUpunaBi-dtQou] has started."}
{"level":"debug","time":1691959719,"message":"[POyT8K0SazYIEYCvXURgZ] has started."}
{"level":"debug","time":1691959719,"message":"[N9SkZMe_W8mQcm6aSMTBN] is done."}
{"level":"info","time":1691959719,"message":"[zTUVz9j3TIkktxhu63Rjq] is parked.\n"}
{"level":"debug","time":1691959719,"message":"[zTUVz9j3TIkktxhu63Rjq] is done."}
{"level":"debug","time":1691959719,"message":"[_KEEk01Zg626VhCgI10Wr] has started."}
{"level":"info","time":1691959719,"message":"[FmpZt77U9Y2JDUuGL3ZLC] is parked.\n"}
{"level":"debug","time":1691959719,"message":"[FmpZt77U9Y2JDUuGL3ZLC] is done."}
{"level":"info","time":1691959719,"message":"[dJEnCaVbL49LFHQ8v_c5i] is parked.\n"}
{"level":"info","time":1691959719,"message":"[TzWwJ0Tbum5e6Tvq1A66N] is parked.\n"}
{"level":"debug","time":1691959719,"message":"[2OCzBkaVVaQGz6pMZWMUD] has started."}
{"level":"info","time":1691959719,"message":"[3jM0muyTxQxbHlm3y56k6] is parked.\n"}
{"level":"info","time":1691959719,"message":"[VCRm2b5b3qoep6_xDUP6b] is parked.\n"}
{"level":"debug","time":1691959719,"message":"[grMEdaUHT3q7-oBJjpPSN] has started."}
{"level":"debug","time":1691959719,"message":"[k9PRvC6phmB2mP0QNkgY_] has started."}
{"level":"debug","time":1691959719,"message":"[uaZx_8CCY5Rsq0zZCDhmd] has started."}
{"level":"info","time":1691959719,"message":"[OQrDXBgluRW_PkM0Q52cW] is parked.\n"}
{"level":"info","time":1691959719,"message":"[uaZx_8CCY5Rsq0zZCDhmd] is parked.\n"}
{"level":"info","time":1691959719,"message":"[5b5t4nt88Mhu9SxdGBUQ0] is parked.\n"}
{"level":"info","time":1691959719,"message":"[54bT9lZEUpunaBi-dtQou] is parked.\n"}
{"level":"info","time":1691959719,"message":"[2OCzBkaVVaQGz6pMZWMUD] is parked.\n"}
{"level":"info","time":1691959719,"message":"[7xUPnG-ouPHfhZAr1eY-J] is parked.\n"}
{"level":"info","time":1691959719,"message":"[4C_AUYiNYW4dIjyOMwGo0] is parked.\n"}
{"level":"debug","time":1691959719,"message":"[MF5lBip06jR_D-UsVXBFS] has started."}
{"level":"info","time":1691959719,"message":"[x-UEehAOFGxflr7Bk6cHI] is parked.\n"}
{"level":"info","time":1691959719,"message":"[wWlacykfysgadYP5462My] is parked.\n"}
{"level":"info","time":1691959719,"message":"[miTfBiQXJh1hqW583IUHv] is parked.\n"}
{"level":"debug","time":1691959719,"message":"[vRLMcn2wl7U7_x29wfcXx] has started."}
{"level":"debug","time":1691959719,"message":"[54bT9lZEUpunaBi-dtQou] is done."}
{"level":"info","time":1691959719,"message":"[k9PRvC6phmB2mP0QNkgY_] is parked.\n"}
{"level":"debug","time":1691959719,"message":"[m4Kkw0AawvJ0kbyqd3ofX] has started."}
{"level":"debug","time":1691959719,"message":"[VCRm2b5b3qoep6_xDUP6b] is done."}
{"level":"info","time":1691959719,"message":"[r_yw7WJfRR35f2SwqX7XZ] is parked.\n"}
{"level":"info","time":1691959719,"message":"[m4Kkw0AawvJ0kbyqd3ofX] is parked.\n"}
{"level":"debug","time":1691959719,"message":"[x-UEehAOFGxflr7Bk6cHI] is done."}
{"level":"info","time":1691959719,"message":"[d06SoKk53CorJnAOq3An4] is parked.\n"}
{"level":"debug","time":1691959719,"message":"[7xUPnG-ouPHfhZAr1eY-J] is done."}
{"level":"info","time":1691959719,"message":"[3E1mHmaRfpcVfLzd5JGj_] is parked.\n"}
{"level":"debug","time":1691959719,"message":"[xnw69LUvBBHssg0gzt_mD] has started."}
{"level":"info","time":1691959719,"message":"[kBHRn73wZcpgZAuebA0F9] is parked.\n"}
{"level":"info","time":1691959719,"message":"[RXQ-rTagvsDXsQxzPSOmV] is parked.\n"}
{"level":"debug","time":1691959719,"message":"[i5eiDDwNXqCXm_UYCMxXe] has started."}
{"level":"info","time":1691959719,"message":"[0THz3ybYuBXRuxP9Wc1PW] is parked.\n"}
{"level":"info","time":1691959719,"message":"[kz-jxLQ16fD7ueNZJpdcE] is parked.\n"}
{"level":"info","time":1691959719,"message":"[w5XxOi8IHooM5V8RMliQT] is parked.\n"}
{"level":"info","time":1691959719,"message":"[oBYPdpwjXfUDpxitTHUWL] is parked.\n"}
{"level":"debug","time":1691959719,"message":"[mFU9tedUtvWGPLA2bHzD2] is done."}
{"level":"info","time":1691959719,"message":"[XOXdm6XU3JVvrrmrxqXkq] is parked.\n"}
{"level":"info","time":1691959719,"message":"[0osA7D8wNaxQuhu1qhF-h] is parked.\n"}
{"level":"info","time":1691959719,"message":"[Pjd_p_Oo8Huh5hoN1GW9z] is parked.\n"}
{"level":"debug","time":1691959719,"message":"[ItpGACCuacfC-hmkHmgS_] has started."}
{"level":"debug","time":1691959719,"message":"[2OCzBkaVVaQGz6pMZWMUD] is done."}
{"level":"debug","time":1691959719,"message":"[nQpAXMGJ0rl1QoawlF2zD] has started."}
{"level":"debug","time":1691959719,"message":"[tbejZkblHbMl8Bz4SbtRf] is done."}
{"level":"info","time":1691959719,"message":"[OF4stXysdsokHNieA_V82] is parked.\n"}
{"level":"info","time":1691959719,"message":"[ItpGACCuacfC-hmkHmgS_] is parked.\n"}
{"level":"info","time":1691959719,"message":"[nQpAXMGJ0rl1QoawlF2zD] is parked.\n"}
{"level":"debug","time":1691959719,"message":"[0THz3ybYuBXRuxP9Wc1PW] is done."}
{"level":"debug","time":1691959719,"message":"[oBYPdpwjXfUDpxitTHUWL] is done."}
{"level":"info","time":1691959719,"message":"[pZlbDQyW1_7CFQYFlspnw] is parked.\n"}
{"level":"info","time":1691959719,"message":"[tq13a4EvvWzGSgPs2JT5W] is parked.\n"}
{"level":"debug","time":1691959719,"message":"[RSrz38IOnm4h-3YylZfHM] is done."}
{"level":"debug","time":1691959719,"message":"[yiMijRgt-HUVJzmEDJWXu] has started."}
{"level":"info","time":1691959719,"message":"[tO6iMajU81NPqfcq0YE_n] is parked.\n"}
{"level":"info","time":1691959719,"message":"[LCejqvjpz8mBeFAOMkFP8] is parked.\n"}
{"level":"info","time":1691959719,"message":"[uNc3UWewlFLrPk-xNZYSh] is parked.\n"}
{"level":"info","time":1691959719,"message":"[Jie3aXwrZJqAmTTnWZAY1] is parked.\n"}
{"level":"debug","time":1691959719,"message":"[tHyd-cnUONxup101mbZFV] has started."}
{"level":"info","time":1691959719,"message":"[POyT8K0SazYIEYCvXURgZ] is parked.\n"}
{"level":"info","time":1691959719,"message":"[ZgVtuIm0egTGVoxKNcbaQ] is parked.\n"}
{"level":"debug","time":1691959719,"message":"[4WI7_0JBPNLGUEuQqnuey] is done."}
{"level":"info","time":1691959719,"message":"[_KEEk01Zg626VhCgI10Wr] is parked.\n"}
{"level":"debug","time":1691959719,"message":"[kBHRn73wZcpgZAuebA0F9] is done."}
{"level":"debug","time":1691959719,"message":"[kz-jxLQ16fD7ueNZJpdcE] is done."}
{"level":"debug","time":1691959719,"message":"[8FOOS71AqXJbsZkSFTJo8] is done."}
{"level":"debug","time":1691959719,"message":"[LCejqvjpz8mBeFAOMkFP8] is done."}
{"level":"info","time":1691959719,"message":"[pzsLGL_Tlbhg-QYQ1vP4n] is parked.\n"}
{"level":"debug","time":1691959719,"message":"[axzxUvmmFGJCum3AZpKUi] has started."}
{"level":"info","time":1691959719,"message":"[-OGZFn3X3QM5bPBTPscQY] is parked.\n"}
{"level":"debug","time":1691959719,"message":"[jt1gczsIyU-3nSH2_ZxwM] has started."}
{"level":"debug","time":1691959719,"message":"[sw7PfjxEu-39xED7rju0t] has started."}
{"level":"info","time":1691959719,"message":"[aXkvry3w1T7TPEbeEW0A1] is parked.\n"}
{"level":"info","time":1691959719,"message":"[PgW_jN9hD_PXqeupxzkyW] is parked.\n"}
{"level":"debug","time":1691959719,"message":"[OQrDXBgluRW_PkM0Q52cW] is done."}
{"level":"debug","time":1691959719,"message":"[wgPIcb-u58pRYGelyWJdn] has started."}
{"level":"debug","time":1691959719,"message":"[2sd8xNyfTt20Eo1ziyO9S] is done."}
{"level":"debug","time":1691959719,"message":"[hVLBUEpeDSa90WNRTkmrK] has started."}
{"level":"debug","time":1691959719,"message":"[eAoiO-G8PGp8F1-FNrzHZ] is done."}
{"level":"debug","time":1691959719,"message":"[5b5t4nt88Mhu9SxdGBUQ0] is done."}
{"level":"debug","time":1691959719,"message":"[3jM0muyTxQxbHlm3y56k6] is done."}
{"level":"debug","time":1691959719,"message":"[GlCjWOxXYKgi_X9MEzn7N] is done."}
{"level":"debug","time":1691959719,"message":"[3tBHcUL3dPbNHEewn-Fhk] has started."}
{"level":"info","time":1691959719,"message":"[vRLMcn2wl7U7_x29wfcXx] is parked.\n"}
{"level":"debug","time":1691959719,"message":"[lY2-QzorU2ep9xFWBdOk6] is done."}
{"level":"debug","time":1691959719,"message":"[DOmIqWhCk6IheoUE3hQrH] is done."}
{"level":"info","time":1691959719,"message":"[YzEZINNNCjm80-FezZChs] is parked.\n"}
{"level":"info","time":1691959719,"message":"[WKPU5y8ehBe3A1k1YPYNT] is parked.\n"}
{"level":"info","time":1691959719,"message":"[grMEdaUHT3q7-oBJjpPSN] is parked.\n"}
{"level":"debug","time":1691959719,"message":"[VWKmVMcJ9jbqS6ERUCo87] has started."}
{"level":"info","time":1691959719,"message":"[efl5diRQjPx5L_dTZbv5K] is parked.\n"}
{"level":"debug","time":1691959719,"message":"[3BbywJjX-5-vVuUMurGnc] has started."}
{"level":"debug","time":1691959719,"message":"[k9PRvC6phmB2mP0QNkgY_] is done."}
{"level":"debug","time":1691959719,"message":"[TzWwJ0Tbum5e6Tvq1A66N] is done."}
{"level":"info","time":1691959719,"message":"[rSBs0JXSpVxopQxw4mwlD] is parked.\n"}
{"level":"debug","time":1691959719,"message":"[uWa4HsAzqCqsOuFx-Y0DL] is done."}
{"level":"debug","time":1691959719,"message":"[r_yw7WJfRR35f2SwqX7XZ] is done."}
{"level":"info","time":1691959719,"message":"[MF5lBip06jR_D-UsVXBFS] is parked.\n"}
{"level":"info","time":1691959719,"message":"[cBENCnU_Tn1VVNy33lBq_] is parked.\n"}
{"level":"info","time":1691959719,"message":"[yQm5t6DK9ISC76hRybLwx] is parked.\n"}
{"level":"debug","time":1691959719,"message":"[m4Kkw0AawvJ0kbyqd3ofX] is done."}
{"level":"info","time":1691959719,"message":"[OgiljwMYwH3eUaJDfgLU4] is parked.\n"}
{"level":"debug","time":1691959719,"message":"[miTfBiQXJh1hqW583IUHv] is done."}
{"level":"debug","time":1691959719,"message":"[uaZx_8CCY5Rsq0zZCDhmd] is done."}
{"level":"debug","time":1691959719,"message":"[d06SoKk53CorJnAOq3An4] is done."}
{"level":"debug","time":1691959719,"message":"[4C_AUYiNYW4dIjyOMwGo0] is done."}
{"level":"debug","time":1691959719,"message":"[wWlacykfysgadYP5462My] is done."}
{"level":"info","time":1691959719,"message":"[38__zAOMvjXxxNjSDFB1H] is parked.\n"}
{"level":"debug","time":1691959719,"message":"[OF4stXysdsokHNieA_V82] is done."}
{"level":"info","time":1691959719,"message":"[p6Z7o6-4nwjb0t2QMibG-] is parked.\n"}
{"level":"debug","time":1691959719,"message":"[ItpGACCuacfC-hmkHmgS_] is done."}
{"level":"info","time":1691959719,"message":"[AmRcGhjBO5yvy9m6Llcew] is parked.\n"}
{"level":"info","time":1691959719,"message":"[i5eiDDwNXqCXm_UYCMxXe] is parked.\n"}
{"level":"debug","time":1691959719,"message":"[Ycycg4mFpRUjtNZrYNwYH] has started."}
{"level":"debug","time":1691959719,"message":"[nQpAXMGJ0rl1QoawlF2zD] is done."}
{"level":"info","time":1691959719,"message":"[OEYp-SQq0DQR5sd7brnPV] is parked.\n"}
{"level":"debug","time":1691959719,"message":"[w5XxOi8IHooM5V8RMliQT] is done."}
{"level":"debug","time":1691959719,"message":"[cLN4cNXyk3q1oxr0FhasK] is done."}
{"level":"debug","time":1691959719,"message":"[XOXdm6XU3JVvrrmrxqXkq] is done."}
{"level":"debug","time":1691959719,"message":"[0osA7D8wNaxQuhu1qhF-h] is done."}
{"level":"debug","time":1691959719,"message":"[Pjd_p_Oo8Huh5hoN1GW9z] is done."}
{"level":"debug","time":1691959719,"message":"[_KEEk01Zg626VhCgI10Wr] is done."}
{"level":"info","time":1691959719,"message":"[xnw69LUvBBHssg0gzt_mD] is parked.\n"}
{"level":"debug","time":1691959719,"message":"[RXQ-rTagvsDXsQxzPSOmV] is done."}
{"level":"debug","time":1691959719,"message":"[dJEnCaVbL49LFHQ8v_c5i] is done."}
{"level":"debug","time":1691959719,"message":"[3E1mHmaRfpcVfLzd5JGj_] is done."}
{"level":"info","time":1691959719,"message":"[hjj-GSHRJfy1fLSCrshbT] is parked.\n"}
{"level":"debug","time":1691959719,"message":"[tq13a4EvvWzGSgPs2JT5W] is done."}
{"level":"info","time":1691959719,"message":"[yiMijRgt-HUVJzmEDJWXu] is parked.\n"}
{"level":"debug","time":1691959719,"message":"[tO6iMajU81NPqfcq0YE_n] is done."}
{"level":"info","time":1691959719,"message":"[d-TosjsqnuLxTyyNu_qza] is parked.\n"}
{"level":"debug","time":1691959719,"message":"[uNc3UWewlFLrPk-xNZYSh] is done."}
{"level":"debug","time":1691959719,"message":"[Jie3aXwrZJqAmTTnWZAY1] is done."}
{"level":"info","time":1691959719,"message":"[tHyd-cnUONxup101mbZFV] is parked.\n"}
{"level":"debug","time":1691959719,"message":"[tHyd-cnUONxup101mbZFV] is done."}
{"level":"debug","time":1691959719,"message":"[ZgVtuIm0egTGVoxKNcbaQ] is done."}
{"level":"debug","time":1691959719,"message":"[POyT8K0SazYIEYCvXURgZ] is done."}
{"level":"debug","time":1691959719,"message":"[pzsLGL_Tlbhg-QYQ1vP4n] is done."}
{"level":"info","time":1691959719,"message":"[jt1gczsIyU-3nSH2_ZxwM] is parked.\n"}
{"level":"debug","time":1691959719,"message":"[jt1gczsIyU-3nSH2_ZxwM] is done."}
{"level":"info","time":1691959719,"message":"[axzxUvmmFGJCum3AZpKUi] is parked.\n"}
{"level":"info","time":1691959719,"message":"[hVLBUEpeDSa90WNRTkmrK] is parked.\n"}
{"level":"debug","time":1691959719,"message":"[WKPU5y8ehBe3A1k1YPYNT] is done."}
{"level":"debug","time":1691959719,"message":"[grMEdaUHT3q7-oBJjpPSN] is done."}
{"level":"info","time":1691959719,"message":"[wgPIcb-u58pRYGelyWJdn] is parked.\n"}
{"level":"debug","time":1691959719,"message":"[efl5diRQjPx5L_dTZbv5K] is done."}
{"level":"info","time":1691959719,"message":"[3tBHcUL3dPbNHEewn-Fhk] is parked.\n"}
{"level":"debug","time":1691959719,"message":"[yQm5t6DK9ISC76hRybLwx] is done."}
{"level":"debug","time":1691959719,"message":"[YzEZINNNCjm80-FezZChs] is done."}
{"level":"debug","time":1691959719,"message":"[aXkvry3w1T7TPEbeEW0A1] is done."}
{"level":"debug","time":1691959719,"message":"[PgW_jN9hD_PXqeupxzkyW] is done."}
{"level":"debug","time":1691959719,"message":"[38__zAOMvjXxxNjSDFB1H] is done."}
{"level":"debug","time":1691959719,"message":"[p6Z7o6-4nwjb0t2QMibG-] is done."}
{"level":"debug","time":1691959719,"message":"[AmRcGhjBO5yvy9m6Llcew] is done."}
{"level":"debug","time":1691959719,"message":"[i5eiDDwNXqCXm_UYCMxXe] is done."}
{"level":"debug","time":1691959719,"message":"[MF5lBip06jR_D-UsVXBFS] is done."}
{"level":"debug","time":1691959719,"message":"[hjj-GSHRJfy1fLSCrshbT] is done."}
{"level":"debug","time":1691959719,"message":"[3tBHcUL3dPbNHEewn-Fhk] is done."}
{"level":"debug","time":1691959719,"message":"[yiMijRgt-HUVJzmEDJWXu] is done."}
{"level":"info","time":1691959719,"message":"[VWKmVMcJ9jbqS6ERUCo87] is parked.\n"}
{"level":"debug","time":1691959719,"message":"[vRLMcn2wl7U7_x29wfcXx] is done."}
{"level":"debug","time":1691959719,"message":"[-OGZFn3X3QM5bPBTPscQY] is done."}
{"level":"info","time":1691959719,"message":"[3BbywJjX-5-vVuUMurGnc] is parked.\n"}
{"level":"info","time":1691959719,"message":"[Ycycg4mFpRUjtNZrYNwYH] is parked.\n"}
{"level":"debug","time":1691959719,"message":"[OEYp-SQq0DQR5sd7brnPV] is done."}
{"level":"debug","time":1691959719,"message":"[xnw69LUvBBHssg0gzt_mD] is done."}
{"level":"debug","time":1691959719,"message":"[cBENCnU_Tn1VVNy33lBq_] is done."}
{"level":"debug","time":1691959719,"message":"[axzxUvmmFGJCum3AZpKUi] is done."}
{"level":"debug","time":1691959719,"message":"[d-TosjsqnuLxTyyNu_qza] is done."}
{"level":"debug","time":1691959719,"message":"[pZlbDQyW1_7CFQYFlspnw] is done."}
{"level":"debug","time":1691959719,"message":"[VWKmVMcJ9jbqS6ERUCo87] is done."}
{"level":"debug","time":1691959719,"message":"[hVLBUEpeDSa90WNRTkmrK] is done."}
{"level":"debug","time":1691959719,"message":"[wgPIcb-u58pRYGelyWJdn] is done."}
{"level":"debug","time":1691959719,"message":"[rSBs0JXSpVxopQxw4mwlD] is done."}
{"level":"debug","time":1691959719,"message":"[OgiljwMYwH3eUaJDfgLU4] is done."}
{"level":"info","time":1691959719,"message":"[sw7PfjxEu-39xED7rju0t] is parked.\n"}
{"level":"debug","time":1691959719,"message":"[sw7PfjxEu-39xED7rju0t] is done."}
{"level":"debug","time":1691959719,"message":"[Ycycg4mFpRUjtNZrYNwYH] is done."}
{"level":"debug","time":1691959719,"message":"[3BbywJjX-5-vVuUMurGnc] is done."}
{"level":"debug","time":1691959917,"message":"Bottom left vertex: {9.9228433 51.5279533}"}
{"level":"debug","time":1691959917,"message":"Top right vertex: {9.9430759 51.5412659}"}
{"level":"info","time":1691959917,"message":"Starting vehicles 100"}
{"level":"info","time":1691959917,"message":"[GPUWH39iCZqJRWaW7anYE] is parked.\n"}
{"level":"info","time":1691959917,"message":"[QBtzSV0GfmtRkfvw7Q12r] is parked.\n"}
{"level":"info","time":1691959917,"message":"[BggjT4WOr49LbJuf5rCUd] is parked.\n"}
{"level":"info","time":1691959917,"message":"[6rAaEaQ6VZK9Luy4syeYd] is parked.\n"}
{"level":"info","time":1691959917,"message":"[IZ7cSMFmFHvsqJHpsRVPO] is parked.\n"}
{"level":"info","time":1691959917,"message":"[iXemLG7s6NaLQBrAhz1F2] is parked.\n"}
{"level":"info","time":1691959917,"message":"[DFfHe8HJrsQZWst5nwtYS] is parked.\n"}
{"level":"info","time":1691959917,"message":"[E7HBS0QXu__DjL0aEb6mC] is parked.\n"}
{"level":"info","time":1691959917,"message":"[nR0-25oyku8ccIK6h7cNG] is parked.\n"}
{"level":"info","time":1691959917,"message":"[_ub0zZrgTbAUSVTI389zh] is parked.\n"}
{"level":"info","time":1691959917,"message":"[5tKIywojsGhafnYiBsrx4] is parked.\n"}
{"level":"info","time":1691959917,"message":"[dOMlX2Wve0Xm9aWVDh7p_] is parked.\n"}
{"level":"info","time":1691959917,"message":"[76b-lUoRsbaVTia8jb3FY] is parked.\n"}
{"level":"info","time":1691959917,"message":"[2J8TsxcIv-sqPj2ktCIeb] is parked.\n"}
{"level":"info","time":1691959917,"message":"[iOPZuc0bMcqmUtWApaHyY] is parked.\n"}
{"level":"info","time":1691959917,"message":"[xWiPDdMJAtujHkA7HDI0X] is parked.\n"}
{"level":"info","time":1691959917,"message":"[CxOPyxmPmNW3gPhtr3oxa] is parked.\n"}
{"level":"info","time":1691959917,"message":"[JVWn_raDKgNzWNQ-Dtm-A] is parked.\n"}
{"level":"info","time":1691959917,"message":"[D1KZIg_fgLimLeq3ipyIu] is parked.\n"}
{"level":"info","time":1691959917,"message":"[VqQvj1F0C4ZqnI4UMB-5o] is parked.\n"}
{"level":"info","time":1691959917,"message":"[-_lQkzp26wExSkLl-UrFM] is parked.\n"}
{"level":"info","time":1691959917,"message":"[zzLK3idikaHO93DcK24Pp] is parked.\n"}
{"level":"info","time":1691959917,"message":"[6BMzLumdmEPoLWUIcTeOI] is parked.\n"}
{"level":"info","time":1691959917,"message":"[vKVu1fc4cFpM3HmXA7w9t] is parked.\n"}
{"level":"info","time":1691959917,"message":"[8pzinTDq1K1rW3JOjgZIW] is parked.\n"}
{"level":"info","time":1691959917,"message":"[nbN2g1SqwNHkxBf-Ea0vO] is parked.\n"}
{"level":"info","time":1691959917,"message":"[rKEiHOMmbP-SejCEXhss0] is parked.\n"}
{"level":"info","time":1691959917,"message":"[ckqeR60yAjmepHBehxcnA] is parked.\n"}
{"level":"info","time":1691959917,"message":"[WNUShmfxfSxuDFqtyKNr6] is parked.\n"}
{"level":"info","time":1691959917,"message":"[PPfX0Az5aQ_5Do3NQbgaV] is parked.\n"}
{"level":"info","time":1691959917,"message":"[Ebx71kqwCzVR76K-g1lB_] is parked.\n"}
{"level":"info","time":1691959917,"message":"[rfIw0X5iFfzSyBAJN6QOc] is parked.\n"}
{"level":"info","time":1691959917,"message":"[0nrcEGCoqubnkigpwcK-H] is parked.\n"}
{"level":"info","time":1691959917,"message":"[GWO_F22UHkkJjoHemiHNo] is parked.\n"}
{"level":"info","time":1691959917,"message":"[eD_H4Y3yKBTXX0lj0RiJD] is parked.\n"}
{"level":"info","time":1691959917,"message":"[1iY7W0yGofe1AKNfK7LLw] is parked.\n"}
{"level":"info","time":1691959917,"message":"[ykBdv9Xy_X1rovGmR2bow] is parked.\n"}
{"level":"info","time":1691959917,"message":"[cPOpSFmGxVPFHr5PC-m7N] is parked.\n"}
{"level":"info","time":1691959917,"message":"[gamtoDDkoK1vBY9U788V0] is parked.\n"}
{"level":"info","time":1691959917,"message":"[KGtMdm2SoR6AIFKhxWqvj] is parked.\n"}
{"level":"info","time":1691959917,"message":"[wFcgQxqUQQkOvGDE89P20] is parked.\n"}
{"level":"info","time":1691959917,"message":"[hgW2RykVs1oyIMxyX7F-m] is parked.\n"}
{"level":"info","time":1691959917,"message":"[MeCsms8jEjN2L-5lM_-qf] is parked.\n"}
{"level":"info","time":1691959917,"message":"[zE3ffF2ZBuvAN_Z5ahOCK] is parked.\n"}
{"level":"info","time":1691959917,"message":"[nXYQ8ADklQSMfqiEcjPCa] is parked.\n"}
{"level":"info","time":1691959917,"message":"[kR-S27OoHuF7X2DQ5yOJh] is parked.\n"}
{"level":"info","time":1691959917,"message":"[8Xi01GRZzZvSkY8SQHC-N] is parked.\n"}
{"level":"info","time":1691959917,"message":"[i_zzRSGzJYBZ-z3l2rMNc] is parked.\n"}
{"level":"info","time":1691959917,"message":"[IF_PXetjdmYOPYaYhrKmM] is parked.\n"}
{"level":"info","time":1691959917,"message":"[Mj6eflb5u1z9TicORd9mH] is parked.\n"}
{"level":"info","time":1691959917,"message":"[S4Q9lhKa4hHyEr2b4_L_K] is parked.\n"}
{"level":"info","time":1691959917,"message":"[fZT4tod5-Iqt7oBoDctkJ] is parked.\n"}
{"level":"info","time":1691959917,"message":"[pzyeU2_IbIOB1am734vNA] is parked.\n"}
{"level":"info","time":1691959917,"message":"[zBX6Ls-FJ1gznZlSnHfb2] is parked.\n"}
{"level":"info","time":1691959917,"message":"[W8PaqhjfPXls_msXAZhws] is parked.\n"}
{"level":"info","time":1691959917,"message":"[WdHgea7nYSvjdROYMr3Eh] is parked.\n"}
{"level":"info","time":1691959917,"message":"[7n49Z9KjZoMPnp8zV0KcW] is parked.\n"}
{"level":"info","time":1691959917,"message":"[5yIMo0G-dLx_znxcst3P9] is parked.\n"}
{"level":"info","time":1691959917,"message":"[ID8V3CkHG67c3Xt9qHrvK] is parked.\n"}
{"level":"info","time":1691959917,"message":"[ra_fIqHYMEoC68txrwZRF] is parked.\n"}
{"level":"info","time":1691959917,"message":"[7W-q-zfVCyyuMAo3cFrQd] is parked.\n"}
{"level":"info","time":1691959917,"message":"[EMvdA4UTQgkSXZowIVJAh] is parked.\n"}
{"level":"info","time":1691959917,"message":"[NXBShsqOzWUQgBdv0ijiH] is parked.\n"}
{"level":"info","time":1691959917,"message":"[p_EHBd9ulEHDFAyBdj-Rw] is parked.\n"}
{"level":"info","time":1691959917,"message":"[mzFpPsGbTQf6qDzMv_vGq] is parked.\n"}
{"level":"info","time":1691959917,"message":"[AadJkUJDngFQVzM7Wcejy] is parked.\n"}
{"level":"info","time":1691959917,"message":"[QK0sc0QC3Qn4LkHBmcZBC] is parked.\n"}
{"level":"info","time":1691959917,"message":"[PoVkBlJZUB8hlAbcboMZL] is parked.\n"}
{"level":"info","time":1691959917,"message":"[pU3uICELQ6Yhz49019Sah] is parked.\n"}
{"level":"info","time":1691959917,"message":"[1_3SblnUKTdcKB4f9EHcQ] is parked.\n"}
{"level":"info","time":1691959917,"message":"[xJmrlz7NhIkUELa_3FTPi] is parked.\n"}
{"level":"info","time":1691959917,"message":"[EaWyAefhi-1N1j_Zx09G_] is parked.\n"}
{"level":"info","time":1691959917,"message":"[obcwDlHf4AxO0afIDQg_b] is parked.\n"}
{"level":"info","time":1691959917,"message":"[_2ioMlIDZ79IrJZ_dktPT] is parked.\n"}
{"level":"info","time":1691959917,"message":"[aWZgqFetDMTvCR_lYecJP] is parked.\n"}
{"level":"info","time":1691959917,"message":"[SaaNxm2E_-o5zuNXdx7KJ] is parked.\n"}
{"level":"info","time":1691959917,"message":"[UuwwjHv05e3Ctt0XiMGJz] is parked.\n"}
{"level":"info","time":1691959917,"message":"[-hGsldA6R3TtrfxvI9LYq] is parked.\n"}
{"level":"info","time":1691959917,"message":"[qqzjwXWwIyaGrcCelFnDx] is parked.\n"}
{"level":"info","time":1691959917,"message":"[F-xWXUnT67-3HNBLykA6m] is parked.\n"}
{"level":"info","time":1691959917,"message":"[0teQRB7wddVJlo2N1mQre] is parked.\n"}
{"level":"info","time":1691959917,"message":"[X002gCGIW24uDu07kbtxK] is parked.\n"}
{"level":"info","time":1691959917,"message":"[mIaZSwjrhh0yNvzc0u9LE] is parked.\n"}
{"level":"info","time":1691959917,"message":"[_JL2v_8jriCS74GemL2_L] is parked.\n"}
{"level":"info","time":1691959917,"message":"[m8OdZP-JQpfLckDSBSZJp] is parked.\n"}
{"level":"info","time":1691959917,"message":"[mHD34RyFSWEmxmSz5mp_v] is parked.\n"}
{"level":"info","time":1691959917,"message":"[0e6TjdnX0fV_c_GzcN5M_] is parked.\n"}
{"level":"info","time":1691959917,"message":"[un7tZXLYFwIgf0-IX3XQH] is parked.\n"}
{"level":"info","time":1691959917,"message":"[113P7HZM959wjimJioyQQ] is parked.\n"}
{"level":"info","time":1691959917,"message":"[msEobiPJoJNBnO9bx1k6C] is parked.\n"}
{"level":"info","time":1691959917,"message":"[MoHTydcNE3Xn4evrldCJN] is parked.\n"}
{"level":"info","time":1691959917,"message":"[Npk40wYDx_Vw5cwaATinE] is parked.\n"}
{"level":"info","time":1691959917,"message":"[3elxMUGppa4AgfkxUdpfA] is parked.\n"}
{"level":"info","time":1691959917,"message":"[_SF02guq6Qg_hH5pa5uMx] is parked.\n"}
{"level":"info","time":1691959917,"message":"[Q1W4wQvYE7ublmYzaCYut] is parked.\n"}
{"level":"info","time":1691959917,"message":"[FDOoOfIbRuFJjTXZQFn7V] is parked.\n"}
{"level":"info","time":1691959917,"message":"[1aYTd_evHjECKyA3QUUQ6] is parked.\n"}
{"level":"info","time":1691959917,"message":"[PlUd8osOQyAv6FiZc-zcb] is parked.\n"}
{"level":"info","time":1691959917,"message":"[fwpGCBz6rmV8qQtHsFwGs] is parked.\n"}
{"level":"info","time":1691959917,"message":"[Og3jJUy4Ts7e4h28y4XjM] is parked.\n"}
